# JRE version: OpenJDK Runtime Environment (8.0_111-b16) (build 1.8.0_111-b16)
# Java VM: OpenJDK 64-Bit Server VM (25.111-b16 mixed mode linux-amd64 compressed oops)
Heap:
 PSYoungGen      total 86016K, used 85568K [0x00000000fab00000, 0x0000000100000000, 0x0000000100000000)
  eden space 84992K, 99% used [0x00000000fab00000,0x00000000ffdf81e0,0x00000000ffe00000)
  from space 1024K, 59% used [0x00000000ffe00000,0x00000000ffe98000,0x00000000fff00000)
  to   space 1024K, 0% used [0x00000000fff00000,0x00000000fff00000,0x0000000100000000)
 ParOldGen       total 175104K, used 105378K [0x00000000f0000000, 0x00000000fab00000, 0x00000000fab00000)
  object space 175104K, 60% used [0x00000000f0000000,0x00000000f66e8988,0x00000000fab00000)
 Metaspace       used 14905K, capacity 15258K, committed 15488K, reserved 1062912K
  class space    used 1530K, capacity 1630K, committed 1664K, reserved 1048576K
GC Heap History (10 events):
Event: 80838.284 GC heap before
{Heap before GC invocations=1770 (full 1):
 PSYoungGen      total 73728K, used 73728K [0x00000000fab00000, 0x00000000fff00000, 0x0000000100000000)
  eden space 73216K, 100% used [0x00000000fab00000,0x00000000ff280000,0x00000000ff280000)
  from space 512K, 100% used [0x00000000ffe80000,0x00000000fff00000,0x00000000fff00000)
  to   space 1024K, 0% used [0x00000000ffd00000,0x00000000ffd00000,0x00000000ffe00000)
 ParOldGen       total 175104K, used 104730K [0x00000000f0000000, 0x00000000fab00000, 0x00000000fab00000)
  object space 175104K, 59% used [0x00000000f0000000,0x00000000f6646988,0x00000000fab00000)
 Metaspace       used 14905K, capacity 15258K, committed 15488K, reserved 1062912K
  class space    used 1530K, capacity 1630K, committed 1664K, reserved 1048576K
Event: 80846.853 GC heap after
Heap after GC invocations=1770 (full 1):
 PSYoungGen      total 84992K, used 384K [0x00000000fab00000, 0x0000000100000000, 0x0000000100000000)
  eden space 83968K, 0% used [0x00000000fab00000,0x00000000fab00000,0x00000000ffd00000)
  from space 1024K, 37% used [0x00000000ffd00000,0x00000000ffd60000,0x00000000ffe00000)
  to   space 1024K, 0% used [0x00000000fff00000,0x00000000fff00000,0x0000000100000000)
 ParOldGen       total 175104K, used 104810K [0x00000000f0000000, 0x00000000fab00000, 0x00000000fab00000)
  object space 175104K, 59% used [0x00000000f0000000,0x00000000f665a988,0x00000000fab00000)
 Metaspace       used 14905K, capacity 15258K, committed 15488K, reserved 1062912K
  class space    used 1530K, capacity 1630K, committed 1664K, reserved 1048576K
}
Event: 80986.610 GC heap before
{Heap before GC invocations=1771 (full 1):
 PSYoungGen      total 84992K, used 84352K [0x00000000fab00000, 0x0000000100000000, 0x0000000100000000)
  eden space 83968K, 100% used [0x00000000fab00000,0x00000000ffd00000,0x00000000ffd00000)
  from space 1024K, 37% used [0x00000000ffd00000,0x00000000ffd60000,0x00000000ffe00000)
  to   space 1024K, 0% used [0x00000000fff00000,0x00000000fff00000,0x0000000100000000)
 ParOldGen       total 175104K, used 104810K [0x00000000f0000000, 0x00000000fab00000, 0x00000000fab00000)
  object space 175104K, 59% used [0x00000000f0000000,0x00000000f665a988,0x00000000fab00000)
 Metaspace       used 14905K, capacity 15258K, committed 15488K, reserved 1062912K
  class space    used 1530K, capacity 1630K, committed 1664K, reserved 1048576K
Event: 80995.053 GC heap after
Heap after GC invocations=1771 (full 1):
 PSYoungGen      total 86016K, used 800K [0x00000000fab00000, 0x0000000100000000, 0x0000000100000000)
  eden space 84992K, 0% used [0x00000000fab00000,0x00000000fab00000,0x00000000ffe00000)
  from space 1024K, 78% used [0x00000000fff00000,0x00000000fffc8000,0x0000000100000000)
  to   space 1024K, 0% used [0x00000000ffe00000,0x00000000ffe00000,0x00000000fff00000)
 ParOldGen       total 175104K, used 104946K [0x00000000f0000000, 0x00000000fab00000, 0x00000000fab00000)
  object space 175104K, 59% used [0x00000000f0000000,0x00000000f667c988,0x00000000fab00000)
 Metaspace       used 14905K, capacity 15258K, committed 15488K, reserved 1062912K
  class space    used 1530K, capacity 1630K, committed 1664K, reserved 1048576K
}
Event: 81159.875 GC heap before
{Heap before GC invocations=1772 (full 1):
 PSYoungGen      total 86016K, used 85792K [0x00000000fab00000, 0x0000000100000000, 0x0000000100000000)
  eden space 84992K, 100% used [0x00000000fab00000,0x00000000ffe00000,0x00000000ffe00000)
  from space 1024K, 78% used [0x00000000fff00000,0x00000000fffc8000,0x0000000100000000)
  to   space 1024K, 0% used [0x00000000ffe00000,0x00000000ffe00000,0x00000000fff00000)
 ParOldGen       total 175104K, used 104946K [0x00000000f0000000, 0x00000000fab00000, 0x00000000fab00000)
  object space 175104K, 59% used [0x00000000f0000000,0x00000000f667c988,0x00000000fab00000)
 Metaspace       used 14905K, capacity 15258K, committed 15488K, reserved 1062912K
  class space    used 1530K, capacity 1630K, committed 1664K, reserved 1048576K
Event: 81169.645 GC heap after
Heap after GC invocations=1772 (full 1):
 PSYoungGen      total 86016K, used 480K [0x00000000fab00000, 0x0000000100000000, 0x0000000100000000)
  eden space 84992K, 0% used [0x00000000fab00000,0x00000000fab00000,0x00000000ffe00000)
  from space 1024K, 46% used [0x00000000ffe00000,0x00000000ffe78000,0x00000000fff00000)
  to   space 1024K, 0% used [0x00000000fff00000,0x00000000fff00000,0x0000000100000000)
 ParOldGen       total 175104K, used 105034K [0x00000000f0000000, 0x00000000fab00000, 0x00000000fab00000)
  object space 175104K, 59% used [0x00000000f0000000,0x00000000f6692988,0x00000000fab00000)
 Metaspace       used 14905K, capacity 15258K, committed 15488K, reserved 1062912K
  class space    used 1530K, capacity 1630K, committed 1664K, reserved 1048576K
}
Event: 81329.089 GC heap before
{Heap before GC invocations=1773 (full 1):
 PSYoungGen      total 86016K, used 85472K [0x00000000fab00000, 0x0000000100000000, 0x0000000100000000)
  eden space 84992K, 100% used [0x00000000fab00000,0x00000000ffe00000,0x00000000ffe00000)
  from space 1024K, 46% used [0x00000000ffe00000,0x00000000ffe78000,0x00000000fff00000)
  to   space 1024K, 0% used [0x00000000fff00000,0x00000000fff00000,0x0000000100000000)
 ParOldGen       total 175104K, used 105034K [0x00000000f0000000, 0x00000000fab00000, 0x00000000fab00000)
  object space 175104K, 59% used [0x00000000f0000000,0x00000000f6692988,0x00000000fab00000)
 Metaspace       used 14905K, capacity 15258K, committed 15488K, reserved 1062912K
  class space    used 1530K, capacity 1630K, committed 1664K, reserved 1048576K
Event: 81338.549 GC heap after
Heap after GC invocations=1773 (full 1):
 PSYoungGen      total 86016K, used 672K [0x00000000fab00000, 0x0000000100000000, 0x0000000100000000)
  eden space 84992K, 0% used [0x00000000fab00000,0x00000000fab00000,0x00000000ffe00000)
  from space 1024K, 65% used [0x00000000fff00000,0x00000000fffa8000,0x0000000100000000)
  to   space 1024K, 0% used [0x00000000ffe00000,0x00000000ffe00000,0x00000000fff00000)
 ParOldGen       total 175104K, used 105218K [0x00000000f0000000, 0x00000000fab00000, 0x00000000fab00000)
  object space 175104K, 60% used [0x00000000f0000000,0x00000000f66c0988,0x00000000fab00000)
 Metaspace       used 14905K, capacity 15258K, committed 15488K, reserved 1062912K
  class space    used 1530K, capacity 1630K, committed 1664K, reserved 1048576K
}
Event: 81483.906 GC heap before
{Heap before GC invocations=1774 (full 1):
 PSYoungGen      total 86016K, used 85664K [0x00000000fab00000, 0x0000000100000000, 0x0000000100000000)
  eden space 84992K, 100% used [0x00000000fab00000,0x00000000ffe00000,0x00000000ffe00000)
  from space 1024K, 65% used [0x00000000fff00000,0x00000000fffa8000,0x0000000100000000)
  to   space 1024K, 0% used [0x00000000ffe00000,0x00000000ffe00000,0x00000000fff00000)
 ParOldGen       total 175104K, used 105218K [0x00000000f0000000, 0x00000000fab00000, 0x00000000fab00000)
  object space 175104K, 60% used [0x00000000f0000000,0x00000000f66c0988,0x00000000fab00000)
 Metaspace       used 14905K, capacity 15258K, committed 15488K, reserved 1062912K
  class space    used 1530K, capacity 1630K, committed 1664K, reserved 1048576K
Event: 81486.170 GC heap after
Heap after GC invocations=1774 (full 1):
 PSYoungGen      total 86016K, used 608K [0x00000000fab00000, 0x0000000100000000, 0x0000000100000000)
  eden space 84992K, 0% used [0x00000000fab00000,0x00000000fab00000,0x00000000ffe00000)
  from space 1024K, 59% used [0x00000000ffe00000,0x00000000ffe98000,0x00000000fff00000)
  to   space 1024K, 0% used [0x00000000fff00000,0x00000000fff00000,0x0000000100000000)
 ParOldGen       total 175104K, used 105378K [0x00000000f0000000, 0x00000000fab00000, 0x00000000fab00000)
  object space 175104K, 60% used [0x00000000f0000000,0x00000000f66e8988,0x00000000fab00000)
 Metaspace       used 14905K, capacity 15258K, committed 15488K, reserved 1062912K
  class space    used 1530K, capacity 1630K, committed 1664K, reserved 1048576K
}

